    1  2025-03-06 19:04:52 ls
    2  2025-03-06 19:04:52 echo 123
    3  2025-03-06 19:04:52 echo $(1..3)
    4  2025-03-06 19:04:52 echo $(1..3..1)
    5  2025-03-06 19:04:52 echo $({1..3..1})
    6  2025-03-06 19:04:52 echo {1..3..1}
    7  2025-03-06 19:04:52 echo {1..15..1}
    8  2025-03-06 19:04:52 echo {1..15..3}
    9  2025-03-06 19:04:52 touch file{1..4..1}.txt
   10  2025-03-06 19:04:52 ls
   11  2025-03-06 19:04:52 rm file{1..4..1}
   12  2025-03-06 19:04:52 rm file{1..4..1}.txt
   13  2025-03-06 19:04:52 ls
   14  2025-03-06 19:04:52 history
   15  2025-03-06 19:04:52 w
   16  2025-03-06 19:04:52 screen -X new_kor
   17  2025-03-06 19:04:52 screen -P new_kor
   18  2025-03-06 19:04:52 screen -S new_kor
   19  2025-03-06 19:04:52 screen -ls
   20  2025-03-06 19:04:52 screen -r new_kor
   21  2025-03-06 19:04:52 screen -S new_kor -X sessionname top
   22  2025-03-06 19:04:52 screen -ls
   23  2025-03-06 19:04:52 screen -r top
   24  2025-03-06 19:04:52 screen -P session2 -d -m bash
   25  2025-03-06 19:04:52 screen -S session2 -d -m bash
   26  2025-03-06 19:04:52 screen ls
   27  2025-03-06 19:04:52 screen -ls
   28  2025-03-06 19:04:52 screen -r session2
   29  2025-03-06 19:04:52 vi report_part1.txt
   30  2025-03-06 19:04:52 ls
   31  2025-03-06 19:04:52 vi report_part1.txt
   32  2025-03-06 19:04:52 ls
   33  2025-03-06 19:04:52 cat report_part1.txt 
   34  2025-03-06 19:04:52 top
   35  2025-03-06 19:04:52 watch /usr/bin/vmstat
   36  2025-03-06 19:04:52 screen -ls
   37  2025-03-06 19:04:52 screen -r top
   38  2025-03-06 19:04:52 w
   39  2025-03-06 19:04:52 \q
   40  2025-03-06 19:04:52 q
   41  2025-03-06 19:04:52 /q
   42  2025-03-06 19:04:52 ls
   43  2025-03-06 19:04:52 screen -ls
   44  2025-03-06 19:04:52 top
   45  2025-03-06 19:04:52 screen -ls
   46  2025-03-06 19:04:52 screen -r session2
   47  2025-03-06 19:04:52 screen -r top
   48  2025-03-06 19:04:52 screen -ls
   49  2025-03-06 19:04:52 screen -S $USER_part2
   50  2025-03-06 19:04:52 screen -S $USER\_part2
   51  2025-03-06 19:05:02 screen -r $USER\_part2
   52  2025-03-06 19:07:08 $HISTFILE >> eltex-pg2-v13_part.log
   53  2025-03-06 19:08:14 ls >> eltex-pg2-v13_part.log 
   54  2025-03-06 19:08:18 ls
   55  2025-03-06 19:08:29 cat report_part1.txt 
   56  2025-03-06 19:08:34 cat eltex-pg2-v13_part.log 
   57  2025-03-06 19:09:00 rm eltex-pg2-v13_part.log 
   58  2025-03-06 19:09:06 touch eltex-pg2-v13_part.log 
   59  2025-03-06 19:10:10 history > eltex-pg2-v13_part.log 
   60  2025-03-06 19:10:13 ls
   61  2025-03-06 19:10:24 cat report_part1.txt 
   62  2025-03-06 19:10:29 screen -ls
   63  2025-03-06 19:10:36 cat eltex-pg2-v13_part.log 
   64  2025-03-06 19:18:10 ls
   65  2025-03-06 19:18:17 cat eltex-pg2-v13_part.log 
   66  2025-03-06 19:18:45 cd ../
   67  2025-03-06 19:18:47 cd ~
   68  2025-03-06 19:19:09 touch $USER\_part2.txt
   69  2025-03-06 19:19:10 ls
   70  2025-03-06 19:19:47 history -w
   71  2025-03-06 19:19:59 history > eltex-pg2-v13_part.log 
   72  2025-03-06 19:20:09 cat eltex-pg2-v13_part.log 
   73  2025-03-06 19:20:20 rm eltex-pg2-v13_part2.txt 
   74  2025-03-06 19:20:21 ls
   75  2025-03-06 19:23:24 echo $HISTFILESIZE
   76  2025-03-06 19:24:05 cd ~
   77  2025-03-06 19:24:42 ls .
   78  2025-03-06 19:24:50 ls .*
   79  2025-03-06 19:25:15 ls *.txt
   80  2025-03-06 19:26:11 echo $HISTSIZE
   81  2025-03-06 19:28:15 echo history
   82  2025-03-06 19:28:25 history
   83  2025-03-06 19:33:49 export HISTTIMEFORMAT='%F %T '
   84  2025-03-06 19:33:55 history
   85  2025-03-06 19:34:32 date
   86  2025-03-06 19:35:00 history
   87  2025-03-06 19:35:26 cat $HISTFILE
   88  2025-03-06 19:36:52 export PROMPT_COMMAND='history -w'
   89  2025-03-06 19:37:26 cat $HISTFILE
   90  2025-03-06 19:37:35 date
   91  2025-03-06 19:37:37 cat $HISTFILE
   92  2025-03-06 19:38:17 history
   93  2025-03-06 19:39:21 history > eltex-pg2-v13_part.log 
   94  2025-03-06 19:39:27 cat eltex-pg2-v13_part.log 
   95  2025-03-06 19:42:08 date='06.03.2025'
   96  2025-03-06 19:42:15 echo $date
   97  2025-03-06 19:42:19 echo $DATE
   98  2025-03-06 19:42:29 DATE='06.03.2025'
   99  2025-03-06 19:42:35 echo $DATE
  100  2025-03-06 19:42:56 TIME=
  101  2025-03-06 19:43:05 TIME='19:43'
  102  2025-03-06 19:43:12 echo $TIME
  103  2025-03-06 19:43:47 DATE_TIME=$DATE\ $TIME
  104  2025-03-06 19:43:53 echo DATE_TIME
  105  2025-03-06 19:44:01 echo $DATE_TIME
  106  2025-03-06 19:45:56 ls
  107  2025-03-06 19:46:00 cd ../
  108  2025-03-06 19:46:01 ls
  109  2025-03-06 19:46:04 cd ../
  110  2025-03-06 19:46:05 ls
  111  2025-03-06 19:47:19 ls ?\bin/
  112  2025-03-06 19:47:37 ls -rf ?\bin/
  113  2025-03-06 19:47:47 ls -r ?\bin/
  114  2025-03-06 19:48:00 ls bin
  115  2025-03-06 19:48:08 ls sbin
  116  2025-03-06 19:49:50 ls -r *bin/ *[0-9]*
  117  2025-03-06 19:51:23 ls -r *bin/*[0-9]*
  118  2025-03-06 19:52:16 cd ~
  119  2025-03-06 19:53:05 echo $PS3
  120  2025-03-06 19:53:48 PS3='$USER'
  121  2025-03-06 19:53:51 echo $PS3
  122  2025-03-06 19:53:57 PS3=$USER
  123  2025-03-06 19:53:59 echo $PS3
  124  2025-03-06 19:54:59 history > eltex-pg2-v13_part.log 
