Создал ключ:
ssh-keygen -t rsa
Скопировал
ssh-copy-id -i ~/.ssh/pr2_key root@172.16.9.213
/usr/bin/ssh-copy-id: INFO: Source of key(s) to be installed: "/home/eltex-pg2-v13/.ssh/pr2_key.pub"
/usr/bin/ssh-copy-id: INFO: attempting to log in with the new key(s), to filter out any that are already installed
/usr/bin/ssh-copy-id: INFO: 1 key(s) remain to be installed -- if you are prompted now it is to install the new keys
root@172.16.9.213's password:

Number of key(s) added: 1

Now try logging into the machine, with:   "ssh 'root@172.16.9.213'"
and check to make sure that only the key(s) you wanted were added.

Подключился по ключу
ssh -i .ssh/pr2_key root@172.16.9.213

1 сервер:
ls -l .ssh/
total 16
-rw------- 1 eltex-pg2-v13 eltex-pg2-v13  978 Mar 13 16:11 known_hosts
-rw-r--r-- 1 eltex-pg2-v13 eltex-pg2-v13  142 Mar 13 16:10 known_hosts.old
-rw------- 1 eltex-pg2-v13 eltex-pg2-v13 2602 Mar 13 16:23 pr2_key
-rw-r--r-- 1 eltex-pg2-v13 eltex-pg2-v13  573 Mar 13 16:23 pr2_key.pub

2 сервер:
ls -l .ssh/
total 4
-rw------- 1 root root 573 Mar 13 09:27 authorized_keys

useradd -m -s /bin/bash user1

passwd user1
New password:
Retype new password:
passwd: password updated successfully

useradd user2
useradd user3

usermod -s /usr/sbin/nologin user3

su user3
This account is currently not available

su -s /bin/bash user3

usermod -aG practice2 user1
usermod -aG practice2 user2
usermod -aG practice2 user3

groups user*
user1 : user1 practice2
user2 : user2 practice2
user3 : user3 practice2

mkdir /opt/share
chown :practice2 /opt/share
chmod g+rwx /opt/share
chmod g+s /opt/share/

ls -l
total 4
drwxrwsr-x 2 root practice2 4096 Mar 13 10:51 share

umask 0004

user1: touch user1.txt
user2: touch user2.txt
user3: touch user3.txt

Удалили с каждого пользователя файлы других пользователей, создали при необходимости заново

Добавили Stiky bit:
chmod +t share

Заново создали те же файлы

Пробуем удалить от лица user1:
rm user2.txt
rm: cannot remove 'user2.txt': Operation not permitted

Аналогично для всех других пользователей с чужими файлами


sudo visudo
Добавил строку:
user1   ALL=(ALL) NOPASSWD: /bin/dmesg

user1 теперь может выполнить: sudo dmesg

Для user2 при помощи bash скрипта задание пропустил

Ставим время действия пароля 10 дней:
chage -M 10 user1
chage -M 10 user2
chage -M 10 user3

Отредактировал файл /etc/motd, вписав туда своё имя и фамилию

Скопировал содержимое директории /etc в /root/etc_backup
rsync -r /etc/ /root/etc_backup

Архивируем
tar:
tar -cf etc_backup.tar etc_backup

gzip:
tar -czf etc_backup.tar.gz etc_backup

bzip2:
tar -cjf etc_backup.tar.bz2 etc_backup

7zip:
tar -cJf etc_backup.tar.xz etc_backup

Полученные файлы:
ls -lh
total 4.6M
drwxr-xr-x 109 root root 4.0K Mar 16 19:20 etc_backup
-rw-r--r--   1 root root 3.0M Mar 16 20:02 etc_backup.tar
-rw-r--r--   1 root root 459K Mar 16 20:05 etc_backup.tar.7z
-rw-r--r--   1 root root 534K Mar 16 20:17 etc_backup.tar.bz2
-rw-r--r--   1 root root 562K Mar 16 20:03 etc_backup.tar.gz

Записал текущую дату и время в /etc/motd:
echo $(date) > /etc/motd

Синхронизировали:
rsync -a --delete /etc/ /root/etc_backup/

Добавили в архив gzip, пересоздав его, отдельно там будет файл motd:
tar -czf etc_backup.tar.gz -C /root/etc_backup motd

Распаковали архив, чтобы сравнить:
tar -xjf etc_backup.tar.bz2 -C /root/etc_backup_bz2

Сравнили папки:
diff etc_backup etc_backup_bz2

Распакуем так же архивы gzip и 7zip:
mkdir /root/etc_backup_gzip /root/etc_backup_7zip
tar -xJf etc_backup.tar.xz -C /root/etc_backup_7zip/
tar -xzf etc_backup.tar.gz -C /root/etc_backup_gzip/

Сравнили:
diff etc_backup_gzip/motd etc_backup_7zip/motd
1c1
< Sun Mar 16 08:26:08 PM UTC 2025
---
> Александр Коровин

